Sun Jul 20 14:36:22 +0000 2025 - Executing "{openroad -exit -no_init -python /openlane/scripts/odbpy/lefutil.py get_metal_layers -o /openlane/designs/my_spm/runs/RUN_2025.07.20_14.36.21/tmp/layers.list /home/amit/.volare/volare/sky130/versions/bdc9412b3e468c102d01b7cf6337be06ec6e9c9a/sky130A/libs.ref/sky130_fd_sc_hd/techlef/sky130_fd_sc_hd__nom.tlef}"

Sun Jul 20 14:36:22 +0000 2025 - Executing "{/openlane/scripts/mergeLef.py -o /openlane/designs/my_spm/runs/RUN_2025.07.20_14.36.21/tmp/merged.nom.lef -i /home/amit/.volare/volare/sky130/versions/bdc9412b3e468c102d01b7cf6337be06ec6e9c9a/sky130A/libs.ref/sky130_fd_sc_hd/techlef/sky130_fd_sc_hd__nom.tlef {/home/amit/.volare/volare/sky130/versions/bdc9412b3e468c102d01b7cf6337be06ec6e9c9a/sky130A/libs.ref/sky130_fd_sc_hd/lef/sky130_ef_sc_hd.lef /home/amit/.volare/volare/sky130/versions/bdc9412b3e468c102d01b7cf6337be06ec6e9c9a/sky130A/libs.ref/sky130_fd_sc_hd/lef/sky130_fd_sc_hd.lef} |& tee /dev/null}"

Sun Jul 20 14:36:22 +0000 2025 - Executing "{/openlane/scripts/mergeLef.py -o /openlane/designs/my_spm/runs/RUN_2025.07.20_14.36.21/tmp/merged.min.lef -i /home/amit/.volare/volare/sky130/versions/bdc9412b3e468c102d01b7cf6337be06ec6e9c9a/sky130A/libs.ref/sky130_fd_sc_hd/techlef/sky130_fd_sc_hd__min.tlef {/home/amit/.volare/volare/sky130/versions/bdc9412b3e468c102d01b7cf6337be06ec6e9c9a/sky130A/libs.ref/sky130_fd_sc_hd/lef/sky130_ef_sc_hd.lef /home/amit/.volare/volare/sky130/versions/bdc9412b3e468c102d01b7cf6337be06ec6e9c9a/sky130A/libs.ref/sky130_fd_sc_hd/lef/sky130_fd_sc_hd.lef} |& tee /dev/null}"

Sun Jul 20 14:36:22 +0000 2025 - Executing "{/openlane/scripts/mergeLef.py -o /openlane/designs/my_spm/runs/RUN_2025.07.20_14.36.21/tmp/merged.max.lef -i /home/amit/.volare/volare/sky130/versions/bdc9412b3e468c102d01b7cf6337be06ec6e9c9a/sky130A/libs.ref/sky130_fd_sc_hd/techlef/sky130_fd_sc_hd__max.tlef {/home/amit/.volare/volare/sky130/versions/bdc9412b3e468c102d01b7cf6337be06ec6e9c9a/sky130A/libs.ref/sky130_fd_sc_hd/lef/sky130_ef_sc_hd.lef /home/amit/.volare/volare/sky130/versions/bdc9412b3e468c102d01b7cf6337be06ec6e9c9a/sky130A/libs.ref/sky130_fd_sc_hd/lef/sky130_fd_sc_hd.lef} |& tee /dev/null}"

Sun Jul 20 14:36:22 +0000 2025 - Executing "{python3 /openlane/scripts/mergeLib.py --output /openlane/designs/my_spm/runs/RUN_2025.07.20_14.36.21/tmp/synthesis/merged.lib --name sky130A_merged /home/amit/.volare/volare/sky130/versions/bdc9412b3e468c102d01b7cf6337be06ec6e9c9a/sky130A/libs.ref/sky130_fd_sc_hd/lib/sky130_fd_sc_hd__tt_025C_1v80.lib}"

Sun Jul 20 14:36:22 +0000 2025 - Executing "{python3 /openlane/scripts/libtrim.py --cell-file /openlane/designs/my_spm/runs/RUN_2025.07.20_14.36.21/tmp/synthesis/trimmed.lib.exclude.list --output /openlane/designs/my_spm/runs/RUN_2025.07.20_14.36.21/tmp/synthesis/trimmed.lib /openlane/designs/my_spm/runs/RUN_2025.07.20_14.36.21/tmp/synthesis/merged.lib}"

Sun Jul 20 14:36:23 +0000 2025 - Executing "{python3 /openlane/scripts/libtrim.py --cell-file /openlane/designs/my_spm/runs/RUN_2025.07.20_14.36.21/tmp/cts/cts.lib.exclude.list --output /openlane/designs/my_spm/runs/RUN_2025.07.20_14.36.21/tmp/cts/cts.lib /home/amit/.volare/volare/sky130/versions/bdc9412b3e468c102d01b7cf6337be06ec6e9c9a/sky130A/libs.ref/sky130_fd_sc_hd/lib/sky130_fd_sc_hd__tt_025C_1v80.lib}"

Sun Jul 20 14:36:23 +0000 2025 - Executing "{python3 /openlane/scripts/libtrim.py --cell-file /openlane/designs/my_spm/runs/RUN_2025.07.20_14.36.21/tmp/cts/cts-fastest.lib.exclude.list --output /openlane/designs/my_spm/runs/RUN_2025.07.20_14.36.21/tmp/cts/cts-fastest.lib /home/amit/.volare/volare/sky130/versions/bdc9412b3e468c102d01b7cf6337be06ec6e9c9a/sky130A/libs.ref/sky130_fd_sc_hd/lib/sky130_fd_sc_hd__ff_n40C_1v95.lib}"

Sun Jul 20 14:36:23 +0000 2025 - Executing "{python3 /openlane/scripts/libtrim.py --cell-file /openlane/designs/my_spm/runs/RUN_2025.07.20_14.36.21/tmp/cts/cts-slowest.lib.exclude.list --output /openlane/designs/my_spm/runs/RUN_2025.07.20_14.36.21/tmp/cts/cts-slowest.lib /home/amit/.volare/volare/sky130/versions/bdc9412b3e468c102d01b7cf6337be06ec6e9c9a/sky130A/libs.ref/sky130_fd_sc_hd/lib/sky130_fd_sc_hd__ss_100C_1v60.lib}"

Sun Jul 20 14:36:26 +0000 2025 - Executing "{python3 /openlane/scripts/new_tracks.py -i /home/amit/.volare/volare/sky130/versions/bdc9412b3e468c102d01b7cf6337be06ec6e9c9a/sky130A/libs.tech/openlane/sky130_fd_sc_hd/tracks.info -o /openlane/designs/my_spm/runs/RUN_2025.07.20_14.36.21/tmp/routing/config.tracks}"

Sun Jul 20 14:36:26 +0000 2025 - Executing "{echo {OpenLane e73fb3c57e687a0023fcd4dcfd1566ecd478362a} > /openlane/designs/my_spm/runs/RUN_2025.07.20_14.36.21/OPENLANE_COMMIT}"

Sun Jul 20 14:36:26 +0000 2025 - Executing "{yosys -c /openlane/scripts/yosys/blackbox.tcl}"

Sun Jul 20 14:36:26 +0000 2025 - Executing "{verilator -Wall --lint-only --Wno-DECLFILENAME --top-module spm /openlane/designs/my_spm/runs/RUN_2025.07.20_14.36.21/tmp/synthesis/blackbox/sky130_fd_sc_hd__blackbox.v /openlane/designs/my_spm/src/spm.v -Wno-fatal --relative-includes |& tee /openlane/designs/my_spm/runs/RUN_2025.07.20_14.36.21/logs/synthesis/linter.log /dev/null}"

Sun Jul 20 14:36:27 +0000 2025 - Executing "{sed -E {s/^([[:space:]]+)pg_pin(.*)/\1pin\2\n\1    direction : "inout";/g} /home/amit/.volare/volare/sky130/versions/bdc9412b3e468c102d01b7cf6337be06ec6e9c9a/sky130A/libs.ref/sky130_fd_sc_hd/lib/sky130_fd_sc_hd__tt_025C_1v80.lib > /openlane/designs/my_spm/runs/RUN_2025.07.20_14.36.21/tmp/synthesis/1-sky130_fd_sc_hd__tt_025C_1v80.no_pg.lib}"

Sun Jul 20 14:36:27 +0000 2025 - Executing "{sed -E {s/^([[:space:]]+)pg_pin(.*)/\1pin\2\n\1    direction : "inout";/g} /openlane/designs/my_spm/runs/RUN_2025.07.20_14.36.21/tmp/synthesis/trimmed.lib > /openlane/designs/my_spm/runs/RUN_2025.07.20_14.36.21/tmp/synthesis/1-trimmed.no_pg.lib}"

Sun Jul 20 14:36:27 +0000 2025 - Executing "yosys -c /openlane/scripts/yosys/synth.tcl |& tee /dev/null /openlane/designs/my_spm/runs/RUN_2025.07.20_14.36.21/logs/synthesis/1-synthesis.log"

Sun Jul 20 14:36:27 +0000 2025 - Executing "{yosys -c /openlane/scripts/yosys/synth.tcl |& tee /dev/null /openlane/designs/my_spm/runs/RUN_2025.07.20_14.36.21/logs/synthesis/1-synthesis.log}"

Sun Jul 20 14:36:28 +0000 2025 - Executing "{sed -i.bak -e {s/\(set ::env(CURRENT_NETLIST)\).*/\1 \/openlane\/designs\/my_spm\/runs\/RUN_2025.07.20_14.36.21\/results\/synthesis\/spm.v/} /openlane/designs/my_spm/runs/RUN_2025.07.20_14.36.21/config.tcl}"

Sun Jul 20 14:36:28 +0000 2025 - Executing "{sed -i.bak /defparam/d /openlane/designs/my_spm/runs/RUN_2025.07.20_14.36.21/results/synthesis/spm.v}"

Sun Jul 20 14:36:28 +0000 2025 - Executing "sta -exit -no_init /openlane/scripts/openroad/sta/multi_corner.tcl |& tee /dev/null /openlane/designs/my_spm/runs/RUN_2025.07.20_14.36.21/logs/synthesis/2-sta.log"

Sun Jul 20 14:36:28 +0000 2025 - Executing "{sta -exit -no_init /openlane/scripts/openroad/sta/multi_corner.tcl |& tee /dev/null /openlane/designs/my_spm/runs/RUN_2025.07.20_14.36.21/logs/synthesis/2-sta.log}"

Sun Jul 20 14:36:28 +0000 2025 - Executing "openroad -exit /openlane/scripts/openroad/floorplan.tcl |& tee /dev/null /openlane/designs/my_spm/runs/RUN_2025.07.20_14.36.21/logs/floorplan/3-initial_fp.log"

Sun Jul 20 14:36:29 +0000 2025 - Executing "{openroad -exit /openlane/scripts/openroad/floorplan.tcl |& tee /dev/null /openlane/designs/my_spm/runs/RUN_2025.07.20_14.36.21/logs/floorplan/3-initial_fp.log}"

Sun Jul 20 14:36:29 +0000 2025 - Executing "{openroad -exit -no_init -python /openlane/scripts/odbpy/defutil.py extract_core_dims --output-data /openlane/designs/my_spm/runs/RUN_2025.07.20_14.36.21/tmp/dimensions.txt --input-lef /openlane/designs/my_spm/runs/RUN_2025.07.20_14.36.21/tmp/merged.nom.lef /openlane/designs/my_spm/runs/RUN_2025.07.20_14.36.21/tmp/floorplan/3-initial_fp.def}"

Sun Jul 20 14:36:30 +0000 2025 - Executing "{openroad -exit -no_init -python /openlane/scripts/odbpy/io_place.py --config /openlane/designs/my_spm/pin_order.cfg --hor-layer met3 --ver-layer met2 --ver-width-mult 2 --hor-width-mult 2 --hor-extension 0 --ver-extension 0 --length 4 --unmatched-error --input-lef /openlane/designs/my_spm/runs/RUN_2025.07.20_14.36.21/tmp/merged.nom.lef --output-def /openlane/designs/my_spm/runs/RUN_2025.07.20_14.36.21/tmp/floorplan/4-io.def --output /openlane/designs/my_spm/runs/RUN_2025.07.20_14.36.21/tmp/floorplan/4-io.odb /openlane/designs/my_spm/runs/RUN_2025.07.20_14.36.21/tmp/floorplan/3-initial_fp.odb |& tee /dev/null /openlane/designs/my_spm/runs/RUN_2025.07.20_14.36.21/logs/floorplan/4-place_io.log}"

Sun Jul 20 14:36:30 +0000 2025 - Executing "openroad -exit /openlane/scripts/openroad/tapcell.tcl |& tee /dev/null /openlane/designs/my_spm/runs/RUN_2025.07.20_14.36.21/logs/floorplan/5-tap.log"

Sun Jul 20 14:36:30 +0000 2025 - Executing "{openroad -exit /openlane/scripts/openroad/tapcell.tcl |& tee /dev/null /openlane/designs/my_spm/runs/RUN_2025.07.20_14.36.21/logs/floorplan/5-tap.log}"

Sun Jul 20 14:36:31 +0000 2025 - Executing "openroad -exit /openlane/scripts/openroad/pdn.tcl |& tee /dev/null /openlane/designs/my_spm/runs/RUN_2025.07.20_14.36.21/logs/floorplan/6-pdn.log"

Sun Jul 20 14:36:31 +0000 2025 - Executing "{openroad -exit /openlane/scripts/openroad/pdn.tcl |& tee /dev/null /openlane/designs/my_spm/runs/RUN_2025.07.20_14.36.21/logs/floorplan/6-pdn.log}"

Sun Jul 20 14:36:32 +0000 2025 - Executing "openroad -exit /openlane/scripts/openroad/gpl.tcl |& tee /dev/null /openlane/designs/my_spm/runs/RUN_2025.07.20_14.36.21/logs/placement/6-global.log"

Sun Jul 20 14:36:32 +0000 2025 - Executing "{openroad -exit /openlane/scripts/openroad/gpl.tcl |& tee /dev/null /openlane/designs/my_spm/runs/RUN_2025.07.20_14.36.21/logs/placement/6-global.log}"

Sun Jul 20 14:36:33 +0000 2025 - Executing "{sed -i.bak -e {s/\(set ::env(CURRENT_NETLIST)\).*/\1 \/openlane\/designs\/my_spm\/runs\/RUN_2025.07.20_14.36.21\/tmp\/placement\/7-global.nl.v/} /openlane/designs/my_spm/runs/RUN_2025.07.20_14.36.21/config.tcl}"

Sun Jul 20 14:36:33 +0000 2025 - Executing "openroad -exit /openlane/scripts/openroad/sta/multi_corner.tcl |& tee /dev/null /openlane/designs/my_spm/runs/RUN_2025.07.20_14.36.21/logs/placement/8-gpl_sta.log"

Sun Jul 20 14:36:33 +0000 2025 - Executing "{openroad -exit /openlane/scripts/openroad/sta/multi_corner.tcl |& tee /dev/null /openlane/designs/my_spm/runs/RUN_2025.07.20_14.36.21/logs/placement/8-gpl_sta.log}"

Sun Jul 20 14:36:33 +0000 2025 - Executing "openroad -exit /openlane/scripts/openroad/resizer.tcl |& tee /dev/null /openlane/designs/my_spm/runs/RUN_2025.07.20_14.36.21/logs/placement/9-resizer.log"

Sun Jul 20 14:36:33 +0000 2025 - Executing "{openroad -exit /openlane/scripts/openroad/resizer.tcl |& tee /dev/null /openlane/designs/my_spm/runs/RUN_2025.07.20_14.36.21/logs/placement/9-resizer.log}"

Sun Jul 20 14:36:35 +0000 2025 - Executing "{sed -i.bak -e {s/\(set ::env(CURRENT_NETLIST)\).*/\1 \/openlane\/designs\/my_spm\/runs\/RUN_2025.07.20_14.36.21\/tmp\/placement\/9-resizer.nl.v/} /openlane/designs/my_spm/runs/RUN_2025.07.20_14.36.21/config.tcl}"

Sun Jul 20 14:36:35 +0000 2025 - Executing "openroad -exit /openlane/scripts/openroad/dpl.tcl |& tee /dev/null /openlane/designs/my_spm/runs/RUN_2025.07.20_14.36.21/logs/placement/10-detailed.log"

Sun Jul 20 14:36:36 +0000 2025 - Executing "{openroad -exit /openlane/scripts/openroad/dpl.tcl |& tee /dev/null /openlane/designs/my_spm/runs/RUN_2025.07.20_14.36.21/logs/placement/10-detailed.log}"

Sun Jul 20 14:36:36 +0000 2025 - Executing "{sed -i.bak -e {s/\(set ::env(CURRENT_NETLIST)\).*/\1 \/openlane\/designs\/my_spm\/runs\/RUN_2025.07.20_14.36.21\/results\/placement\/spm.nl.v/} /openlane/designs/my_spm/runs/RUN_2025.07.20_14.36.21/config.tcl}"

Sun Jul 20 14:36:36 +0000 2025 - Executing "openroad -exit /openlane/scripts/openroad/sta/multi_corner.tcl |& tee /dev/null /openlane/designs/my_spm/runs/RUN_2025.07.20_14.36.21/logs/placement/11-dpl_sta.log"

Sun Jul 20 14:36:36 +0000 2025 - Executing "{openroad -exit /openlane/scripts/openroad/sta/multi_corner.tcl |& tee /dev/null /openlane/designs/my_spm/runs/RUN_2025.07.20_14.36.21/logs/placement/11-dpl_sta.log}"

Sun Jul 20 14:36:37 +0000 2025 - Executing "openroad -exit /openlane/scripts/openroad/cts.tcl |& tee /dev/null /openlane/designs/my_spm/runs/RUN_2025.07.20_14.36.21/logs/cts/12-cts.log"

Sun Jul 20 14:36:37 +0000 2025 - Executing "{openroad -exit /openlane/scripts/openroad/cts.tcl |& tee /dev/null /openlane/designs/my_spm/runs/RUN_2025.07.20_14.36.21/logs/cts/12-cts.log}"

Sun Jul 20 14:36:43 +0000 2025 - Executing "openroad -exit /openlane/scripts/openroad/sta/multi_corner.tcl |& tee /dev/null /openlane/designs/my_spm/runs/RUN_2025.07.20_14.36.21/logs/cts/13-cts_sta.log"

Sun Jul 20 14:36:43 +0000 2025 - Executing "{openroad -exit /openlane/scripts/openroad/sta/multi_corner.tcl |& tee /dev/null /openlane/designs/my_spm/runs/RUN_2025.07.20_14.36.21/logs/cts/13-cts_sta.log}"

Sun Jul 20 14:36:44 +0000 2025 - Executing "openroad -exit /openlane/scripts/openroad/resizer_timing.tcl |& tee /dev/null /openlane/designs/my_spm/runs/RUN_2025.07.20_14.36.21/logs/cts/14-resizer.log"

Sun Jul 20 14:36:44 +0000 2025 - Executing "{openroad -exit /openlane/scripts/openroad/resizer_timing.tcl |& tee /dev/null /openlane/designs/my_spm/runs/RUN_2025.07.20_14.36.21/logs/cts/14-resizer.log}"

Sun Jul 20 14:36:45 +0000 2025 - Executing "{sed -i.bak -e {s/\(set ::env(CURRENT_NETLIST)\).*/\1 \/openlane\/designs\/my_spm\/runs\/RUN_2025.07.20_14.36.21\/tmp\/cts\/14-spm.resized.nl.v/} /openlane/designs/my_spm/runs/RUN_2025.07.20_14.36.21/config.tcl}"

Sun Jul 20 14:36:46 +0000 2025 - Executing "openroad -exit /openlane/scripts/openroad/resizer_routing_design.tcl |& tee /dev/null /openlane/designs/my_spm/runs/RUN_2025.07.20_14.36.21/logs/routing/15-resizer_design.log"

Sun Jul 20 14:36:46 +0000 2025 - Executing "{openroad -exit /openlane/scripts/openroad/resizer_routing_design.tcl |& tee /dev/null /openlane/designs/my_spm/runs/RUN_2025.07.20_14.36.21/logs/routing/15-resizer_design.log}"

Sun Jul 20 14:36:47 +0000 2025 - Executing "{sed -i.bak -e {s/\(set ::env(CURRENT_NETLIST)\).*/\1 \/openlane\/designs\/my_spm\/runs\/RUN_2025.07.20_14.36.21\/tmp\/15-spm.nl.v/} /openlane/designs/my_spm/runs/RUN_2025.07.20_14.36.21/config.tcl}"

Sun Jul 20 14:36:48 +0000 2025 - Executing "openroad -exit /openlane/scripts/openroad/sta/multi_corner.tcl |& tee /dev/null /openlane/designs/my_spm/runs/RUN_2025.07.20_14.36.21/logs/routing/16-rsz_design_sta.log"

Sun Jul 20 14:36:48 +0000 2025 - Executing "{openroad -exit /openlane/scripts/openroad/sta/multi_corner.tcl |& tee /dev/null /openlane/designs/my_spm/runs/RUN_2025.07.20_14.36.21/logs/routing/16-rsz_design_sta.log}"

Sun Jul 20 14:36:48 +0000 2025 - Executing "openroad -exit /openlane/scripts/openroad/resizer_routing_timing.tcl |& tee /dev/null /openlane/designs/my_spm/runs/RUN_2025.07.20_14.36.21/logs/routing/17-resizer_timing.log"

Sun Jul 20 14:36:48 +0000 2025 - Executing "{openroad -exit /openlane/scripts/openroad/resizer_routing_timing.tcl |& tee /dev/null /openlane/designs/my_spm/runs/RUN_2025.07.20_14.36.21/logs/routing/17-resizer_timing.log}"

Sun Jul 20 14:36:50 +0000 2025 - Executing "{sed -i.bak -e {s/\(set ::env(CURRENT_NETLIST)\).*/\1 \/openlane\/designs\/my_spm\/runs\/RUN_2025.07.20_14.36.21\/tmp\/17-spm.nl.v/} /openlane/designs/my_spm/runs/RUN_2025.07.20_14.36.21/config.tcl}"

Sun Jul 20 14:36:50 +0000 2025 - Executing "openroad -exit /openlane/scripts/openroad/sta/multi_corner.tcl |& tee /dev/null /openlane/designs/my_spm/runs/RUN_2025.07.20_14.36.21/logs/routing/18-rsz_timing_sta.log"

Sun Jul 20 14:36:50 +0000 2025 - Executing "{openroad -exit /openlane/scripts/openroad/sta/multi_corner.tcl |& tee /dev/null /openlane/designs/my_spm/runs/RUN_2025.07.20_14.36.21/logs/routing/18-rsz_timing_sta.log}"

Sun Jul 20 14:36:51 +0000 2025 - Executing "openroad -exit /openlane/scripts/openroad/repair_antennas.tcl |& tee /dev/null /openlane/designs/my_spm/runs/RUN_2025.07.20_14.36.21/logs/routing/19-global.log"

Sun Jul 20 14:36:51 +0000 2025 - Executing "{openroad -exit /openlane/scripts/openroad/repair_antennas.tcl |& tee /dev/null /openlane/designs/my_spm/runs/RUN_2025.07.20_14.36.21/logs/routing/19-global.log}"

Sun Jul 20 14:36:51 +0000 2025 - Executing "openroad -exit /openlane/scripts/openroad/write_views.tcl |& tee /dev/null /openlane/designs/my_spm/runs/RUN_2025.07.20_14.36.21/logs/routing/19-global_write_netlist.log"

Sun Jul 20 14:36:51 +0000 2025 - Executing "{openroad -exit /openlane/scripts/openroad/write_views.tcl |& tee /dev/null /openlane/designs/my_spm/runs/RUN_2025.07.20_14.36.21/logs/routing/19-global_write_netlist.log}"

Sun Jul 20 14:36:52 +0000 2025 - Executing "{sed -i.bak -e {s/\(set ::env(CURRENT_NETLIST)\).*/\1 \/openlane\/designs\/my_spm\/runs\/RUN_2025.07.20_14.36.21\/tmp\/routing\/global.nl.v/} /openlane/designs/my_spm/runs/RUN_2025.07.20_14.36.21/config.tcl}"

Sun Jul 20 14:36:52 +0000 2025 - Executing "openroad -exit /openlane/scripts/openroad/sta/multi_corner.tcl |& tee /dev/null /openlane/designs/my_spm/runs/RUN_2025.07.20_14.36.21/logs/routing/21-grt_sta.log"

Sun Jul 20 14:36:52 +0000 2025 - Executing "{openroad -exit /openlane/scripts/openroad/sta/multi_corner.tcl |& tee /dev/null /openlane/designs/my_spm/runs/RUN_2025.07.20_14.36.21/logs/routing/21-grt_sta.log}"

Sun Jul 20 14:36:53 +0000 2025 - Executing "openroad -exit /openlane/scripts/openroad/fill.tcl |& tee /dev/null /openlane/designs/my_spm/runs/RUN_2025.07.20_14.36.21/logs/routing/22-fill.log"

Sun Jul 20 14:36:53 +0000 2025 - Executing "{openroad -exit /openlane/scripts/openroad/fill.tcl |& tee /dev/null /openlane/designs/my_spm/runs/RUN_2025.07.20_14.36.21/logs/routing/22-fill.log}"

Sun Jul 20 14:36:53 +0000 2025 - Executing "{sed -i.bak -e {s/\(set ::env(CURRENT_NETLIST)\).*/\1 \/openlane\/designs\/my_spm\/runs\/RUN_2025.07.20_14.36.21\/tmp\/routing\/22-fill.nl.v/} /openlane/designs/my_spm/runs/RUN_2025.07.20_14.36.21/config.tcl}"

Sun Jul 20 14:36:53 +0000 2025 - Executing "openroad -exit -metrics /openlane/designs/my_spm/runs/RUN_2025.07.20_14.36.21/reports/routing/23-drt_metrics.json /openlane/scripts/openroad/droute.tcl |& tee /dev/null /openlane/designs/my_spm/runs/RUN_2025.07.20_14.36.21/logs/routing/23-detailed.log"

Sun Jul 20 14:36:53 +0000 2025 - Executing "{openroad -exit -metrics /openlane/designs/my_spm/runs/RUN_2025.07.20_14.36.21/reports/routing/23-drt_metrics.json /openlane/scripts/openroad/droute.tcl |& tee /dev/null /openlane/designs/my_spm/runs/RUN_2025.07.20_14.36.21/logs/routing/23-detailed.log}"

Sun Jul 20 14:37:01 +0000 2025 - Executing "{sed -i.bak -e {s/\(set ::env(CURRENT_NETLIST)\).*/\1 \/openlane\/designs\/my_spm\/runs\/RUN_2025.07.20_14.36.21\/results\/routing\/spm.nl.v/} /openlane/designs/my_spm/runs/RUN_2025.07.20_14.36.21/config.tcl}"

Sun Jul 20 14:37:01 +0000 2025 - Executing "{python3 /openlane/scripts/drc_rosetta.py tr to_klayout -o /openlane/designs/my_spm/runs/RUN_2025.07.20_14.36.21/reports/routing/drt.klayout.xml --design-name spm /openlane/designs/my_spm/runs/RUN_2025.07.20_14.36.21/reports/routing/drt.drc}"

Sun Jul 20 14:37:01 +0000 2025 - Executing "{openroad -exit -no_init -python /openlane/scripts/odbpy/wire_lengths.py --report-out /openlane/designs/my_spm/runs/RUN_2025.07.20_14.36.21/reports/routing/24-wire_lengths.csv --input-lef /openlane/designs/my_spm/runs/RUN_2025.07.20_14.36.21/tmp/merged.nom.lef --output-def /openlane/designs/my_spm/runs/RUN_2025.07.20_14.36.21/results/routing/spm.def --output /openlane/designs/my_spm/runs/RUN_2025.07.20_14.36.21/results/routing/spm.odb /openlane/designs/my_spm/runs/RUN_2025.07.20_14.36.21/results/routing/spm.odb |& tee /dev/null /openlane/designs/my_spm/runs/RUN_2025.07.20_14.36.21/logs/routing/24-wire_lengths.log}"

Sun Jul 20 14:37:02 +0000 2025 - Executing "openroad -exit /openlane/scripts/openroad/rcx.tcl |& tee /dev/null /openlane/designs/my_spm/runs/RUN_2025.07.20_14.36.21/logs/signoff/25-parasitics_extraction.min.log"

Sun Jul 20 14:37:02 +0000 2025 - Executing "{openroad -exit /openlane/scripts/openroad/rcx.tcl |& tee /dev/null /openlane/designs/my_spm/runs/RUN_2025.07.20_14.36.21/logs/signoff/25-parasitics_extraction.min.log}"

Sun Jul 20 14:37:03 +0000 2025 - Executing "sta -exit -no_init /openlane/scripts/openroad/sta/multi_corner.tcl |& tee /dev/null /openlane/designs/my_spm/runs/RUN_2025.07.20_14.36.21/logs/signoff/26-rcx_mcsta.min.log"

Sun Jul 20 14:37:03 +0000 2025 - Executing "{sta -exit -no_init /openlane/scripts/openroad/sta/multi_corner.tcl |& tee /dev/null /openlane/designs/my_spm/runs/RUN_2025.07.20_14.36.21/logs/signoff/26-rcx_mcsta.min.log}"

Sun Jul 20 14:37:05 +0000 2025 - Executing "openroad -exit /openlane/scripts/openroad/rcx.tcl |& tee /dev/null /openlane/designs/my_spm/runs/RUN_2025.07.20_14.36.21/logs/signoff/27-parasitics_extraction.max.log"

Sun Jul 20 14:37:05 +0000 2025 - Executing "{openroad -exit /openlane/scripts/openroad/rcx.tcl |& tee /dev/null /openlane/designs/my_spm/runs/RUN_2025.07.20_14.36.21/logs/signoff/27-parasitics_extraction.max.log}"

Sun Jul 20 14:37:06 +0000 2025 - Executing "sta -exit -no_init /openlane/scripts/openroad/sta/multi_corner.tcl |& tee /dev/null /openlane/designs/my_spm/runs/RUN_2025.07.20_14.36.21/logs/signoff/28-rcx_mcsta.max.log"

Sun Jul 20 14:37:06 +0000 2025 - Executing "{sta -exit -no_init /openlane/scripts/openroad/sta/multi_corner.tcl |& tee /dev/null /openlane/designs/my_spm/runs/RUN_2025.07.20_14.36.21/logs/signoff/28-rcx_mcsta.max.log}"

Sun Jul 20 14:37:08 +0000 2025 - Executing "openroad -exit /openlane/scripts/openroad/rcx.tcl |& tee /dev/null /openlane/designs/my_spm/runs/RUN_2025.07.20_14.36.21/logs/signoff/29-parasitics_extraction.nom.log"

Sun Jul 20 14:37:08 +0000 2025 - Executing "{openroad -exit /openlane/scripts/openroad/rcx.tcl |& tee /dev/null /openlane/designs/my_spm/runs/RUN_2025.07.20_14.36.21/logs/signoff/29-parasitics_extraction.nom.log}"

Sun Jul 20 14:37:08 +0000 2025 - Executing "sta -exit -no_init /openlane/scripts/openroad/sta/multi_corner.tcl |& tee /dev/null /openlane/designs/my_spm/runs/RUN_2025.07.20_14.36.21/logs/signoff/30-rcx_mcsta.nom.log"

Sun Jul 20 14:37:08 +0000 2025 - Executing "{sta -exit -no_init /openlane/scripts/openroad/sta/multi_corner.tcl |& tee /dev/null /openlane/designs/my_spm/runs/RUN_2025.07.20_14.36.21/logs/signoff/30-rcx_mcsta.nom.log}"

Sun Jul 20 14:37:11 +0000 2025 - Executing "openroad -exit /openlane/scripts/openroad/irdrop.tcl |& tee /dev/null /openlane/designs/my_spm/runs/RUN_2025.07.20_14.36.21/logs/signoff/31-irdrop.log"

Sun Jul 20 14:37:11 +0000 2025 - Executing "{openroad -exit /openlane/scripts/openroad/irdrop.tcl |& tee /dev/null /openlane/designs/my_spm/runs/RUN_2025.07.20_14.36.21/logs/signoff/31-irdrop.log}"

Sun Jul 20 14:37:12 +0000 2025 - Executing "magic -noconsole -dnull -rcfile /home/amit/.volare/volare/sky130/versions/bdc9412b3e468c102d01b7cf6337be06ec6e9c9a/sky130A/libs.tech/magic/sky130A.magicrc < /openlane/scripts/magic/wrapper.tcl |& tee /dev/null /openlane/designs/my_spm/runs/RUN_2025.07.20_14.36.21/logs/signoff/32-gdsii.log"

Sun Jul 20 14:37:12 +0000 2025 - Executing "{magic -noconsole -dnull -rcfile /home/amit/.volare/volare/sky130/versions/bdc9412b3e468c102d01b7cf6337be06ec6e9c9a/sky130A/libs.tech/magic/sky130A.magicrc < /openlane/scripts/magic/wrapper.tcl |& tee /dev/null /openlane/designs/my_spm/runs/RUN_2025.07.20_14.36.21/logs/signoff/32-gdsii.log}"

Sun Jul 20 14:37:12 +0000 2025 - Executing "magic -noconsole -dnull -rcfile /home/amit/.volare/volare/sky130/versions/bdc9412b3e468c102d01b7cf6337be06ec6e9c9a/sky130A/libs.tech/magic/sky130A.magicrc < /openlane/scripts/magic/wrapper.tcl |& tee /dev/null /openlane/designs/my_spm/runs/RUN_2025.07.20_14.36.21/logs/signoff/32-gds_ptrs.log"

Sun Jul 20 14:37:12 +0000 2025 - Executing "{magic -noconsole -dnull -rcfile /home/amit/.volare/volare/sky130/versions/bdc9412b3e468c102d01b7cf6337be06ec6e9c9a/sky130A/libs.tech/magic/sky130A.magicrc < /openlane/scripts/magic/wrapper.tcl |& tee /dev/null /openlane/designs/my_spm/runs/RUN_2025.07.20_14.36.21/logs/signoff/32-gds_ptrs.log}"

Sun Jul 20 14:37:12 +0000 2025 - Executing "{sed -i.bak -n {/^<< properties >>/,/^<< end >>/p} /openlane/designs/my_spm/runs/RUN_2025.07.20_14.36.21/tmp/signoff/gds_ptrs.mag}"

Sun Jul 20 14:37:13 +0000 2025 - Executing "magic -noconsole -dnull -rcfile /home/amit/.volare/volare/sky130/versions/bdc9412b3e468c102d01b7cf6337be06ec6e9c9a/sky130A/libs.tech/magic/sky130A.magicrc < /openlane/scripts/magic/wrapper.tcl |& tee /dev/null /openlane/designs/my_spm/runs/RUN_2025.07.20_14.36.21/logs/signoff/32-lef.log"

Sun Jul 20 14:37:13 +0000 2025 - Executing "{magic -noconsole -dnull -rcfile /home/amit/.volare/volare/sky130/versions/bdc9412b3e468c102d01b7cf6337be06ec6e9c9a/sky130A/libs.tech/magic/sky130A.magicrc < /openlane/scripts/magic/wrapper.tcl |& tee /dev/null /openlane/designs/my_spm/runs/RUN_2025.07.20_14.36.21/logs/signoff/32-lef.log}"

Sun Jul 20 14:37:13 +0000 2025 - Executing "magic -noconsole -dnull -rcfile /home/amit/.volare/volare/sky130/versions/bdc9412b3e468c102d01b7cf6337be06ec6e9c9a/sky130A/libs.tech/magic/sky130A.magicrc < /openlane/scripts/magic/wrapper.tcl |& tee /dev/null /openlane/designs/my_spm/runs/RUN_2025.07.20_14.36.21/logs/signoff/32-maglef.log"

Sun Jul 20 14:37:13 +0000 2025 - Executing "{magic -noconsole -dnull -rcfile /home/amit/.volare/volare/sky130/versions/bdc9412b3e468c102d01b7cf6337be06ec6e9c9a/sky130A/libs.tech/magic/sky130A.magicrc < /openlane/scripts/magic/wrapper.tcl |& tee /dev/null /openlane/designs/my_spm/runs/RUN_2025.07.20_14.36.21/logs/signoff/32-maglef.log}"

Sun Jul 20 14:37:13 +0000 2025 - Executing "{python3 /openlane/scripts/klayout/stream_out.py --output /openlane/designs/my_spm/runs/RUN_2025.07.20_14.36.21/results/signoff/spm.klayout.gds --lyt /home/amit/.volare/volare/sky130/versions/bdc9412b3e468c102d01b7cf6337be06ec6e9c9a/sky130A/libs.tech/klayout/tech/sky130A.lyt --lym /home/amit/.volare/volare/sky130/versions/bdc9412b3e468c102d01b7cf6337be06ec6e9c9a/sky130A/libs.tech/klayout/tech/sky130A.map --lyp /home/amit/.volare/volare/sky130/versions/bdc9412b3e468c102d01b7cf6337be06ec6e9c9a/sky130A/libs.tech/klayout/tech/sky130A.lyp --top spm --with-gds-file /home/amit/.volare/volare/sky130/versions/bdc9412b3e468c102d01b7cf6337be06ec6e9c9a/sky130A/libs.ref/sky130_fd_sc_hd/gds/sky130_fd_sc_hd.gds --input-lef /openlane/designs/my_spm/runs/RUN_2025.07.20_14.36.21/tmp/merged.nom.lef /openlane/designs/my_spm/runs/RUN_2025.07.20_14.36.21/results/routing/spm.def |& tee /dev/null /openlane/designs/my_spm/runs/RUN_2025.07.20_14.36.21/logs/signoff/33-gdsii-klayout.log}"

Sun Jul 20 14:37:14 +0000 2025 - Executing "{klayout -b -r /openlane/scripts/klayout/xor.drc -rd a=/openlane/designs/my_spm/runs/RUN_2025.07.20_14.36.21/results/signoff/spm.gds -rd b=/openlane/designs/my_spm/runs/RUN_2025.07.20_14.36.21/results/signoff/spm.klayout.gds -rd jobs=1 -rd rdb_out=/openlane/designs/my_spm/runs/RUN_2025.07.20_14.36.21/reports/signoff/34-xor.xml -rd ignore=81/14 -rd rpt_out=/openlane/designs/my_spm/runs/RUN_2025.07.20_14.36.21/reports/signoff/34-xor.rpt |& tee /dev/null /openlane/designs/my_spm/runs/RUN_2025.07.20_14.36.21/logs/signoff/34-xor.log}"

Sun Jul 20 14:37:15 +0000 2025 - Executing "magic -noconsole -dnull -rcfile /home/amit/.volare/volare/sky130/versions/bdc9412b3e468c102d01b7cf6337be06ec6e9c9a/sky130A/libs.tech/magic/sky130A.magicrc < /openlane/scripts/magic/wrapper.tcl |& tee /dev/null /openlane/designs/my_spm/runs/RUN_2025.07.20_14.36.21/logs/signoff/35-spice.log"

Sun Jul 20 14:37:15 +0000 2025 - Executing "{magic -noconsole -dnull -rcfile /home/amit/.volare/volare/sky130/versions/bdc9412b3e468c102d01b7cf6337be06ec6e9c9a/sky130A/libs.tech/magic/sky130A.magicrc < /openlane/scripts/magic/wrapper.tcl |& tee /dev/null /openlane/designs/my_spm/runs/RUN_2025.07.20_14.36.21/logs/signoff/35-spice.log}"

Sun Jul 20 14:37:16 +0000 2025 - Executing "{openroad -exit -no_init -python /openlane/scripts/odbpy/power_utils.py write_powered_def --output /openlane/designs/my_spm/runs/RUN_2025.07.20_14.36.21/tmp/signoff/35-spm.p.def --input-lef /openlane/designs/my_spm/runs/RUN_2025.07.20_14.36.21/tmp/merged.nom.lef --power-port VPWR --ground-port VGND --powered-netlist {} /openlane/designs/my_spm/runs/RUN_2025.07.20_14.36.21/results/routing/spm.def |& tee /dev/null /openlane/designs/my_spm/runs/RUN_2025.07.20_14.36.21/logs/signoff/36-write_powered_def.log}"

Sun Jul 20 14:37:16 +0000 2025 - Executing "openroad -exit /openlane/scripts/openroad/write_views.tcl |& tee /dev/null /openlane/designs/my_spm/runs/RUN_2025.07.20_14.36.21/logs/signoff/36-write_powered_verilog.log"

Sun Jul 20 14:37:16 +0000 2025 - Executing "{openroad -exit /openlane/scripts/openroad/write_views.tcl |& tee /dev/null /openlane/designs/my_spm/runs/RUN_2025.07.20_14.36.21/logs/signoff/36-write_powered_verilog.log}"

Sun Jul 20 14:37:17 +0000 2025 - Executing "{sed -i.bak -e {s/\(set ::env(CURRENT_NETLIST)\).*/\1 \/openlane\/designs\/my_spm\/runs\/RUN_2025.07.20_14.36.21\/tmp\/signoff\/35-spm.nl.v/} /openlane/designs/my_spm/runs/RUN_2025.07.20_14.36.21/config.tcl}"

Sun Jul 20 14:37:17 +0000 2025 - Executing "{netgen -batch source /openlane/designs/my_spm/runs/RUN_2025.07.20_14.36.21/tmp/signoff/38-setup_file.lef.lvs |& tee /dev/null /openlane/designs/my_spm/runs/RUN_2025.07.20_14.36.21/logs/signoff/38-lvs.lef.log}"

Sun Jul 20 14:37:17 +0000 2025 - Executing "magic -noconsole -dnull -rcfile /home/amit/.volare/volare/sky130/versions/bdc9412b3e468c102d01b7cf6337be06ec6e9c9a/sky130A/libs.tech/magic/sky130A.magicrc < /openlane/scripts/magic/wrapper.tcl |& tee /dev/null /openlane/designs/my_spm/runs/RUN_2025.07.20_14.36.21/logs/signoff/39-drc.log"

Sun Jul 20 14:37:17 +0000 2025 - Executing "{magic -noconsole -dnull -rcfile /home/amit/.volare/volare/sky130/versions/bdc9412b3e468c102d01b7cf6337be06ec6e9c9a/sky130A/libs.tech/magic/sky130A.magicrc < /openlane/scripts/magic/wrapper.tcl |& tee /dev/null /openlane/designs/my_spm/runs/RUN_2025.07.20_14.36.21/logs/signoff/39-drc.log}"

Sun Jul 20 14:37:18 +0000 2025 - Executing "{python3 /openlane/scripts/drc_rosetta.py magic to_tcl -o /openlane/designs/my_spm/runs/RUN_2025.07.20_14.36.21/reports/signoff/drc.tcl /openlane/designs/my_spm/runs/RUN_2025.07.20_14.36.21/reports/signoff/drc.rpt}"

Sun Jul 20 14:37:18 +0000 2025 - Executing "{python3 /openlane/scripts/drc_rosetta.py magic to_tr -o /openlane/designs/my_spm/runs/RUN_2025.07.20_14.36.21/reports/signoff/drc.tr /openlane/designs/my_spm/runs/RUN_2025.07.20_14.36.21/reports/signoff/drc.rpt}"

Sun Jul 20 14:37:18 +0000 2025 - Executing "{python3 /openlane/scripts/drc_rosetta.py tr to_klayout -o /openlane/designs/my_spm/runs/RUN_2025.07.20_14.36.21/reports/signoff/drc.klayout.xml --design-name spm /openlane/designs/my_spm/runs/RUN_2025.07.20_14.36.21/reports/signoff/drc.tr}"

Sun Jul 20 14:37:18 +0000 2025 - Executing "{python3 /openlane/scripts/drc_rosetta.py magic to_rdb -o /openlane/designs/my_spm/runs/RUN_2025.07.20_14.36.21/reports/signoff/drc.rdb /openlane/designs/my_spm/runs/RUN_2025.07.20_14.36.21/reports/signoff/drc.rpt}"

Sun Jul 20 14:37:18 +0000 2025 - Executing "{klayout -b -zz -r /home/amit/.volare/volare/sky130/versions/bdc9412b3e468c102d01b7cf6337be06ec6e9c9a/sky130A/libs.tech/klayout/drc/sky130A_mr.drc -rd topcell=spm -rd input=/openlane/designs/my_spm/runs/RUN_2025.07.20_14.36.21/results/signoff/spm.gds -rd report=/openlane/designs/my_spm/runs/RUN_2025.07.20_14.36.21/reports/signoff/violations.xml -rd feol=true -rd beol=true -rd floating_metal=false -rd seal=true -rd thread=1 |& tee /dev/null /openlane/designs/my_spm/runs/RUN_2025.07.20_14.36.21/logs/signoff/40-drc-klayout.log}"

Sun Jul 20 14:37:21 +0000 2025 - Executing "{python3 /openlane/scripts/klayout/xml_drc_report_to_json.py --xml-file /openlane/designs/my_spm/runs/RUN_2025.07.20_14.36.21/reports/signoff/violations.xml --json-file /openlane/designs/my_spm/runs/RUN_2025.07.20_14.36.21/reports/signoff/violations.json}"

Sun Jul 20 14:37:21 +0000 2025 - Executing "openroad -exit /openlane/scripts/openroad/antenna_check.tcl |& tee /dev/null /openlane/designs/my_spm/runs/RUN_2025.07.20_14.36.21/logs/signoff/41-arc.log"

Sun Jul 20 14:37:21 +0000 2025 - Executing "{openroad -exit /openlane/scripts/openroad/antenna_check.tcl |& tee /dev/null /openlane/designs/my_spm/runs/RUN_2025.07.20_14.36.21/logs/signoff/41-arc.log}"

Sun Jul 20 14:37:21 +0000 2025 - Executing "{python3 /openlane/scripts/extract_antenna_violators.py --output /openlane/designs/my_spm/runs/RUN_2025.07.20_14.36.21/reports/signoff/41-antenna_violators.rpt --plain-out /openlane/designs/my_spm/runs/RUN_2025.07.20_14.36.21/reports/signoff/41-antenna_violators_pins.txt /openlane/designs/my_spm/runs/RUN_2025.07.20_14.36.21/logs/signoff/41-arc.log}"

Sun Jul 20 14:37:22 +0000 2025 - Executing "{python3 /openlane/scripts/write_runtime.py --conclude --seconds --time-in 1753022242 {flow completed}}"

Sun Jul 20 14:37:22 +0000 2025 - Executing "{python3 /openlane/scripts/generate_reports.py -d /openlane/designs/my_spm --design_name spm --tag RUN_2025.07.20_14.36.21 --output_file /openlane/designs/my_spm/runs/RUN_2025.07.20_14.36.21/reports/metrics.csv --man_report /openlane/designs/my_spm/runs/RUN_2025.07.20_14.36.21/reports/manufacturability.rpt --run_path /openlane/designs/my_spm/runs/RUN_2025.07.20_14.36.21}"

